0 info it worked if it ends with ok
1 verbose cli [ '/usr/bin/nodejs', '/usr/bin/npm', 'install', '-g', 'nvm' ]
2 info using npm@1.4.21
3 info using node@v0.10.25
4 verbose cache add [ 'nvm', null ]
5 verbose cache add name=undefined spec="nvm" args=["nvm",null]
6 verbose parsed url { protocol: null,
6 verbose parsed url   slashes: null,
6 verbose parsed url   auth: null,
6 verbose parsed url   host: null,
6 verbose parsed url   port: null,
6 verbose parsed url   hostname: null,
6 verbose parsed url   hash: null,
6 verbose parsed url   search: null,
6 verbose parsed url   query: null,
6 verbose parsed url   pathname: 'nvm',
6 verbose parsed url   path: 'nvm',
6 verbose parsed url   href: 'nvm' }
7 silly lockFile ed8ccd57-nvm nvm
8 verbose lock nvm /home/jason/.npm/ed8ccd57-nvm.lock
9 silly lockFile ed8ccd57-nvm nvm
10 silly lockFile ed8ccd57-nvm nvm
11 verbose addNamed [ 'nvm', '' ]
12 verbose addNamed [ null, '*' ]
13 silly lockFile 994bb1db-nvm nvm@
14 verbose lock nvm@ /home/jason/.npm/994bb1db-nvm.lock
15 silly addNameRange { name: 'nvm', range: '*', hasData: false }
16 verbose request where is /nvm
17 verbose request registry https://registry.npmjs.org/
18 verbose request id 84ff17b02f31afd0
19 verbose url raw /nvm
20 verbose url resolving [ 'https://registry.npmjs.org/', './nvm' ]
21 verbose url resolved https://registry.npmjs.org/nvm
22 verbose request where is https://registry.npmjs.org/nvm
23 info trying registry request attempt 1 at 21:33:12
24 http GET https://registry.npmjs.org/nvm
25 http 200 https://registry.npmjs.org/nvm
26 silly registry.get cb [ 200,
26 silly registry.get   { server: 'CouchDB/1.5.0 (Erlang OTP/R16B03)',
26 silly registry.get     etag: '"9MU9YMODUR7ATU6B8WGKQSH91"',
26 silly registry.get     'content-type': 'application/json',
26 silly registry.get     'cache-control': 'max-age=300',
26 silly registry.get     'content-length': '4753',
26 silly registry.get     'accept-ranges': 'bytes',
26 silly registry.get     date: 'Tue, 05 Apr 2016 02:33:12 GMT',
26 silly registry.get     via: '1.1 varnish',
26 silly registry.get     age: '0',
26 silly registry.get     connection: 'keep-alive',
26 silly registry.get     'x-served-by': 'cache-dfw1840-DFW',
26 silly registry.get     'x-cache': 'HIT',
26 silly registry.get     'x-cache-hits': '1',
26 silly registry.get     'x-timer': 'S1459823592.495311,VS0,VE68',
26 silly registry.get     vary: 'Accept' } ]
27 silly addNameRange number 2 { name: 'nvm', range: '*', hasData: true }
28 silly addNameRange versions [ 'nvm', [ '0.0.3' ] ]
29 verbose addNamed [ 'nvm', '0.0.3' ]
30 verbose addNamed [ '0.0.3', '0.0.3' ]
31 silly lockFile dc94ebd7-nvm-0-0-3 nvm@0.0.3
32 verbose lock nvm@0.0.3 /home/jason/.npm/dc94ebd7-nvm-0-0-3.lock
33 warn deprecated nvm@0.0.3: This is NOT the correct nvm. Visit http://nvm.sh and use the curl command to install it.
34 silly lockFile a8a864e6-stry-npmjs-org-nvm-nvm-0-0-3-tgz https://registry.npmjs.org/nvm/-/nvm-0.0.3.tgz
35 verbose lock https://registry.npmjs.org/nvm/-/nvm-0.0.3.tgz /home/jason/.npm/a8a864e6-stry-npmjs-org-nvm-nvm-0-0-3-tgz.lock
36 verbose addRemoteTarball [ 'https://registry.npmjs.org/nvm/-/nvm-0.0.3.tgz',
36 verbose addRemoteTarball   '1f39d2dfd16bf661534a3f7145134f4bbbef6da4' ]
37 info retry fetch attempt 1 at 21:33:12
38 verbose fetch to= /tmp/npm-27270-qUigFz88/registry.npmjs.org/nvm/-/nvm-0.0.3.tgz
39 http GET https://registry.npmjs.org/nvm/-/nvm-0.0.3.tgz
40 http 200 https://registry.npmjs.org/nvm/-/nvm-0.0.3.tgz
41 silly lockFile a8a864e6-stry-npmjs-org-nvm-nvm-0-0-3-tgz https://registry.npmjs.org/nvm/-/nvm-0.0.3.tgz
42 silly lockFile a8a864e6-stry-npmjs-org-nvm-nvm-0-0-3-tgz https://registry.npmjs.org/nvm/-/nvm-0.0.3.tgz
43 silly lockFile dc94ebd7-nvm-0-0-3 nvm@0.0.3
44 silly lockFile dc94ebd7-nvm-0-0-3 nvm@0.0.3
45 silly lockFile 994bb1db-nvm nvm@
46 silly lockFile 994bb1db-nvm nvm@
47 silly resolved [ { name: 'nvm',
47 silly resolved     version: '0.0.3',
47 silly resolved     description: 'Install and managing different versions of node and installing local versions into repos.',
47 silly resolved     dependencies: { mkdirp: '~0.3.3' },
47 silly resolved     devDependencies: {},
47 silly resolved     bin: { nvm: './bin/nvm' },
47 silly resolved     scripts: { test: 'echo "Error: no test specified" && exit 1' },
47 silly resolved     repository: { type: 'git', url: 'git://github.com/brianloveswords/nvm.git' },
47 silly resolved     keywords: [ 'local', 'node' ],
47 silly resolved     author: { name: 'Brian J. Brennan', url: '@brianloveswords' },
47 silly resolved     license: 'http://wtfpl.org/',
47 silly resolved     bugs: { url: 'https://github.com/brianloveswords/nvm/issues' },
47 silly resolved     homepage: 'https://github.com/brianloveswords/nvm',
47 silly resolved     _id: 'nvm@0.0.3',
47 silly resolved     dist:
47 silly resolved      { shasum: '1f39d2dfd16bf661534a3f7145134f4bbbef6da4',
47 silly resolved        tarball: 'https://registry.npmjs.org/nvm/-/nvm-0.0.3.tgz' },
47 silly resolved     _from: 'nvm@',
47 silly resolved     _npmVersion: '1.4.3',
47 silly resolved     _npmUser: { name: 'brianloveswords', email: 'brianloveswords@gmail.com' },
47 silly resolved     maintainers: [ [Object] ],
47 silly resolved     deprecated: 'This is NOT the correct nvm. Visit http://nvm.sh and use the curl command to install it.',
47 silly resolved     directories: {},
47 silly resolved     _shasum: '1f39d2dfd16bf661534a3f7145134f4bbbef6da4',
47 silly resolved     _resolved: 'https://registry.npmjs.org/nvm/-/nvm-0.0.3.tgz' } ]
48 info install nvm@0.0.3 into /usr/local/lib
49 info installOne nvm@0.0.3
50 verbose lib/node_modules/nvm unbuild
51 verbose tar unpack /home/jason/.npm/nvm/0.0.3/package.tgz
52 silly lockFile a74a5548-r-usr-local-lib-node-modules-nvm tar:///usr/local/lib/node_modules/nvm
53 verbose lock tar:///usr/local/lib/node_modules/nvm /home/jason/.npm/a74a5548-r-usr-local-lib-node-modules-nvm.lock
54 silly lockFile 5d018c85--jason-npm-nvm-0-0-3-package-tgz tar:///home/jason/.npm/nvm/0.0.3/package.tgz
55 verbose lock tar:///home/jason/.npm/nvm/0.0.3/package.tgz /home/jason/.npm/5d018c85--jason-npm-nvm-0-0-3-package-tgz.lock
56 silly gunzTarPerm modes [ '775', '664' ]
57 error tar.unpack untar error /home/jason/.npm/nvm/0.0.3/package.tgz
58 silly lockFile a74a5548-r-usr-local-lib-node-modules-nvm tar:///usr/local/lib/node_modules/nvm
59 silly lockFile a74a5548-r-usr-local-lib-node-modules-nvm tar:///usr/local/lib/node_modules/nvm
60 silly lockFile 5d018c85--jason-npm-nvm-0-0-3-package-tgz tar:///home/jason/.npm/nvm/0.0.3/package.tgz
61 silly lockFile 5d018c85--jason-npm-nvm-0-0-3-package-tgz tar:///home/jason/.npm/nvm/0.0.3/package.tgz
62 verbose lib/node_modules/nvm unbuild
63 error Error: EACCES, mkdir '/usr/local/lib/node_modules/nvm'
63 error  { [Error: EACCES, mkdir '/usr/local/lib/node_modules/nvm']
63 error   errno: 3,
63 error   code: 'EACCES',
63 error   path: '/usr/local/lib/node_modules/nvm',
63 error   fstream_type: 'Directory',
63 error   fstream_path: '/usr/local/lib/node_modules/nvm',
63 error   fstream_class: 'DirWriter',
63 error   fstream_stack:
63 error    [ '/usr/lib/nodejs/fstream/lib/dir-writer.js:36:23',
63 error      '/usr/lib/nodejs/mkdirp/index.js:46:53',
63 error      'Object.oncomplete (fs.js:107:15)' ] }
64 error Please try running this command again as root/Administrator.
65 error System Linux 4.2.0-34-generic
66 error command "/usr/bin/nodejs" "/usr/bin/npm" "install" "-g" "nvm"
67 error cwd /home/jason/project/ticketee
68 error node -v v0.10.25
69 error npm -v 1.4.21
70 error path /usr/local/lib/node_modules/nvm
71 error fstream_path /usr/local/lib/node_modules/nvm
72 error fstream_type Directory
73 error fstream_class DirWriter
74 error code EACCES
75 error errno 3
76 error stack Error: EACCES, mkdir '/usr/local/lib/node_modules/nvm'
77 error fstream_stack /usr/lib/nodejs/fstream/lib/dir-writer.js:36:23
77 error fstream_stack /usr/lib/nodejs/mkdirp/index.js:46:53
77 error fstream_stack Object.oncomplete (fs.js:107:15)
78 verbose exit [ 3, true ]
